[debug] [2021-07-19T12:39:46.310Z] ----------------------------------------------------------------------
[debug] [2021-07-19T12:39:46.312Z] Command:       C:\Program Files\nodejs\node.exe C:\Users\aluga.com\AppData\Roaming\npm\node_modules\firebase-tools\lib\bin\firebase.js init hosting:github
[debug] [2021-07-19T12:39:46.312Z] CLI Version:   9.16.0
[debug] [2021-07-19T12:39:46.312Z] Platform:      win32
[debug] [2021-07-19T12:39:46.312Z] Node Version:  v14.17.0
[debug] [2021-07-19T12:39:46.316Z] Time:          Mon Jul 19 2021 09:39:46 GMT-0300 (Horário Padrão de Brasília)
[debug] [2021-07-19T12:39:46.316Z] ----------------------------------------------------------------------
[debug] 
[debug] [2021-07-19T12:39:46.396Z] > command requires scopes: ["email","openid","https://www.googleapis.com/auth/cloudplatformprojects.readonly","https://www.googleapis.com/auth/firebase","https://www.googleapis.com/auth/cloud-platform"]
[debug] [2021-07-19T12:39:46.396Z] > authorizing via signed-in user (isaacsvianna@gmail.com)
[info] 
     ######## #### ########  ######## ########     ###     ######  ########
     ##        ##  ##     ## ##       ##     ##  ##   ##  ##       ##
     ######    ##  ########  ######   ########  #########  ######  ######
     ##        ##  ##    ##  ##       ##     ## ##     ##       ## ##
     ##       #### ##     ## ######## ########  ##     ##  ######  ########

You're about to initialize a Firebase project in this directory:

  C:\Users\aluga.com\Documents\NLW\NLW 6\letmeask2

Before we get started, keep in mind:

  * You are initializing within an existing Firebase project directory

